Copyright 1986-2022 Xilinx, Inc. All Rights Reserved. Copyright 2022-2025 Advanced Micro Devices, Inc. All Rights Reserved.
---------------------------------------------------------------------------------------------------------------------------------------------
| Tool Version : Vivado v.2025.2 (win64) Build 6299465 Fri Nov 14 19:35:11 GMT 2025
| Date         : Mon May 18 09:08:32 2026
| Host         : SPACESHIP running 64-bit major release  (build 9200)
| Command      : report_clock_utilization -file block_design_wrapper_clock_utilization_routed.rpt
| Design       : block_design_wrapper
| Device       : 7a200t-sbg484
| Speed File   : -1  PRODUCTION 1.23 2018-06-13
| Design State : Routed
---------------------------------------------------------------------------------------------------------------------------------------------

Clock Utilization Report

Table of Contents
-----------------
1. Clock Primitive Utilization
2. Global Clock Resources
3. Global Clock Source Details
4. Local Clock Details
5. Clock Regions: Key Resource Utilization
6. Clock Regions : Global Clock Summary
7. Device Cell Placement Summary for Global Clock g0
8. Device Cell Placement Summary for Global Clock g1
9. Device Cell Placement Summary for Global Clock g2
10. Device Cell Placement Summary for Global Clock g3
11. Device Cell Placement Summary for Global Clock g4
12. Device Cell Placement Summary for Global Clock g5
13. Device Cell Placement Summary for Global Clock g6
14. Device Cell Placement Summary for Global Clock g7
15. Clock Region Cell Placement per Global Clock: Region X1Y1
16. Clock Region Cell Placement per Global Clock: Region X0Y2
17. Clock Region Cell Placement per Global Clock: Region X1Y2
18. Clock Region Cell Placement per Global Clock: Region X0Y3
19. Clock Region Cell Placement per Global Clock: Region X1Y3
20. Clock Region Cell Placement per Global Clock: Region X1Y4

1. Clock Primitive Utilization
------------------------------

+----------+------+-----------+-----+--------------+--------+
| Type     | Used | Available | LOC | Clock Region | Pblock |
+----------+------+-----------+-----+--------------+--------+
| BUFGCTRL |    7 |        32 |   0 |            0 |      0 |
| BUFH     |    1 |       120 |   0 |            0 |      0 |
| BUFIO    |    0 |        40 |   0 |            0 |      0 |
| BUFMR    |    0 |        20 |   0 |            0 |      0 |
| BUFR     |    0 |        40 |   0 |            0 |      0 |
| MMCM     |    1 |        10 |   1 |            0 |      0 |
| PLL      |    2 |        10 |   1 |            0 |      0 |
+----------+------+-----------+-----+--------------+--------+


2. Global Clock Resources
-------------------------

+-----------+-----------+-----------------+------------+----------------+--------------+-------------------+-------------+-----------------+--------------+-----------------------------------------------------------------------------------------------------+----------------------------------------------------------------------------------------------------------------------------------+--------------------------------------------------------------------------------------------------------+
| Global Id | Source Id | Driver Type/Pin | Constraint | Site           | Clock Region | Load Clock Region | Clock Loads | Non-Clock Loads | Clock Period | Clock                                                                                               | Driver Pin                                                                                                                       | Net                                                                                                    |
+-----------+-----------+-----------------+------------+----------------+--------------+-------------------+-------------+-----------------+--------------+-----------------------------------------------------------------------------------------------------+----------------------------------------------------------------------------------------------------------------------------------+--------------------------------------------------------------------------------------------------------+
| g0        | src0      | BUFG/O          | None       | BUFGCTRL_X0Y16 | n/a          |                 6 |       13227 |               0 |       10.000 | clk_pll_i                                                                                           | block_design_i/mig_7series_0/u_block_design_mig_7series_0_0_mig/u_ddr3_infrastructure/u_bufg_clkdiv0/O                           | block_design_i/mig_7series_0/u_block_design_mig_7series_0_0_mig/u_ddr3_infrastructure/u_bufg_clkdiv0_0 |
| g1        | src1      | BUFG/O          | None       | BUFGCTRL_X0Y0  | n/a          |                 4 |         395 |               0 |       81.373 | clkout0                                                                                             | block_design_i/d_axi_i2s_audio_0/U0/d_axi_i2s_audio_v2_0_AXI_L_inst/Inst_I2sCtl/Inst_Dcm/clkout1_buf/O                           | block_design_i/d_axi_i2s_audio_0/U0/d_axi_i2s_audio_v2_0_AXI_L_inst/Inst_I2sCtl/Inst_Dcm/CLK_12_288    |
| g2        | src2      | BUFGCTRL/O      | None       | BUFGCTRL_X0Y1  | n/a          |                 2 |         203 |               0 |       33.333 | block_design_i/mdm_1/U0/Use_E2.BSCAN_I/Use_E2.BSCANE2_I/TCK                                         | block_design_i/mdm_1/U0/MDM_Core_I1/JTAG_CONTROL_I/Test_Access_Port.BUFG_DRCK/Using_FPGA.Native/O                                | block_design_i/mdm_1/U0/MDM_Core_I1/JTAG_CONTROL_I/Test_Access_Port.BUFG_DRCK/Using_FPGA.Native_0      |
| g2        | src3      | BUFGCTRL/O      | None       | BUFGCTRL_X0Y1  | n/a          |                 2 |         203 |               0 |       33.333 | block_design_i/mdm_1/U0/Use_E2.BSCAN_I/Use_E2.BSCANE2_I/TCK                                         | block_design_i/mdm_1/U0/MDM_Core_I1/JTAG_CONTROL_I/Test_Access_Port.BUFG_DRCK/Using_FPGA.Native/O                                | block_design_i/mdm_1/U0/MDM_Core_I1/JTAG_CONTROL_I/Test_Access_Port.BUFG_DRCK/Using_FPGA.Native_0      |
| g3        | src4      | BUFG/O          | None       | BUFGCTRL_X0Y3  | n/a          |                 2 |         133 |               0 |       66.666 | block_design_i/mdm_1/U0/MDM_Core_I1/JTAG_CONTROL_I/Test_Access_Port.BUFG_UPDATE/Using_FPGA.Native/O | block_design_i/mdm_1/U0/MDM_Core_I1/JTAG_CONTROL_I/Test_Access_Port.BUFG_UPDATE/Using_FPGA.Native/O                              | block_design_i/mdm_1/U0/MDM_Core_I1/JTAG_CONTROL_I/Test_Access_Port.BUFG_UPDATE/Using_FPGA.Native_0    |
| g4        | src5      | BUFG/O          | None       | BUFGCTRL_X0Y17 | n/a          |                 2 |          62 |               0 |        5.000 | mmcm_clkout0                                                                                        | block_design_i/mig_7series_0/u_block_design_mig_7series_0_0_mig/u_ddr3_infrastructure/gen_ui_extra_clocks.u_bufg_ui_addn_clk_0/O | block_design_i/mig_7series_0/u_block_design_mig_7series_0_0_mig/u_ddr3_infrastructure/ui_addn_clk_0    |
| g5        | src2      | BUFG/O          | None       | BUFGCTRL_X0Y4  | n/a          |                 1 |          51 |               0 |       33.333 | block_design_i/mdm_1/U0/Use_E2.BSCAN_I/Use_E2.BSCANE2_I/TCK                                         | block_design_i/mdm_1/U0/Use_E2.BSCAN_I/tck_BUFG_inst/O                                                                           | block_design_i/mdm_1/U0/Use_E2.BSCAN_I/tck_BUFG                                                        |
| g6        | src2      | BUFGCTRL/O      | None       | BUFGCTRL_X0Y2  | n/a          |                 2 |          32 |               0 |       33.333 | block_design_i/mdm_1/U0/Use_E2.BSCAN_I/Use_E2.BSCANE2_I/TCK                                         | block_design_i/mdm_1/U0/Use_JTAG_BSCAN.BUFG_JTAG_TCK/Using_FPGA.Native/O                                                         | block_design_i/mdm_1/U0/Use_JTAG_BSCAN.BUFG_JTAG_TCK/Use_JTAG_BSCAN.tck_int                            |
| g7        | src6      | BUFH/O          | None       | BUFHCE_X1Y36   | X1Y3         |                 1 |           1 |               0 |       10.000 | pll_clk3_out                                                                                        | block_design_i/mig_7series_0/u_block_design_mig_7series_0_0_mig/u_ddr3_infrastructure/u_bufh_pll_clk3/O                          | block_design_i/mig_7series_0/u_block_design_mig_7series_0_0_mig/u_ddr3_infrastructure/pll_clk3         |
+-----------+-----------+-----------------+------------+----------------+--------------+-------------------+-------------+-----------------+--------------+-----------------------------------------------------------------------------------------------------+----------------------------------------------------------------------------------------------------------------------------------+--------------------------------------------------------------------------------------------------------+
* Clock Loads column represents cell count of net connects that connect to a clock pin. Internal cell leaf pins are not considered
** Non-Clock Loads column represents cell count of non-clock pin loads


3. Global Clock Source Details
------------------------------

+-----------+-----------+---------------------+-----------------+-----------------+--------------+-------------+-----------------+---------------------+-------------------------------------------------------------+---------------------------------------------------------------------------------------------------------------------------+----------------------------------------------------------------------------------------------------+
| Source Id | Global Id | Driver Type/Pin     | Constraint      | Site            | Clock Region | Clock Loads | Non-Clock Loads | Source Clock Period | Source Clock                                                | Driver Pin                                                                                                                | Net                                                                                                |
+-----------+-----------+---------------------+-----------------+-----------------+--------------+-------------+-----------------+---------------------+-------------------------------------------------------------+---------------------------------------------------------------------------------------------------------------------------+----------------------------------------------------------------------------------------------------+
| src0      | g0        | MMCME2_ADV/CLKFBOUT | MMCME2_ADV_X1Y3 | MMCME2_ADV_X1Y3 | X1Y3         |           1 |               0 |              10.000 | clk_pll_i                                                   | block_design_i/mig_7series_0/u_block_design_mig_7series_0_0_mig/u_ddr3_infrastructure/gen_ui_extra_clocks.mmcm_i/CLKFBOUT | block_design_i/mig_7series_0/u_block_design_mig_7series_0_0_mig/u_ddr3_infrastructure/clk_pll_i    |
| src1      | g1        | PLLE2_ADV/CLKOUT0   | None            | PLLE2_ADV_X0Y2  | X0Y2         |           1 |               0 |              81.373 | clkout0                                                     | block_design_i/d_axi_i2s_audio_0/U0/d_axi_i2s_audio_v2_0_AXI_L_inst/Inst_I2sCtl/Inst_Dcm/plle2_adv_inst/CLKOUT0           | block_design_i/d_axi_i2s_audio_0/U0/d_axi_i2s_audio_v2_0_AXI_L_inst/Inst_I2sCtl/Inst_Dcm/clkout0   |
| src2      | g2        | BUFGCTRL/O          | None            | BUFGCTRL_X0Y2   | n/a          |          32 |               0 |              33.333 | block_design_i/mdm_1/U0/Use_E2.BSCAN_I/Use_E2.BSCANE2_I/TCK | block_design_i/mdm_1/U0/Use_JTAG_BSCAN.BUFG_JTAG_TCK/Using_FPGA.Native/O                                                  | block_design_i/mdm_1/U0/Use_JTAG_BSCAN.BUFG_JTAG_TCK/Use_JTAG_BSCAN.tck_int                        |
| src2      | g5        | BSCANE2/TCK         | None            | BSCAN_X0Y1      | X0Y2         |           2 |               0 |              33.333 | block_design_i/mdm_1/U0/Use_E2.BSCAN_I/Use_E2.BSCANE2_I/TCK | block_design_i/mdm_1/U0/Use_E2.BSCAN_I/Use_E2.BSCANE2_I/TCK                                                               | block_design_i/mdm_1/U0/Use_E2.BSCAN_I/tck                                                         |
| src2      | g6        | BSCANE2/TCK         | None            | BSCAN_X0Y1      | X0Y2         |           2 |               0 |              33.333 | block_design_i/mdm_1/U0/Use_E2.BSCAN_I/Use_E2.BSCANE2_I/TCK | block_design_i/mdm_1/U0/Use_E2.BSCAN_I/Use_E2.BSCANE2_I/TCK                                                               | block_design_i/mdm_1/U0/Use_E2.BSCAN_I/tck                                                         |
| src3      | g2        | VCC/P               | None            |                 | n/a          |           0 |               0 |                     |                                                             | block_design_i/mdm_1/U0/MDM_Core_I1/JTAG_CONTROL_I/Test_Access_Port.BUFG_DRCK/VCC/P                                       | block_design_i/mdm_1/U0/MDM_Core_I1/JTAG_CONTROL_I/Test_Access_Port.BUFG_DRCK/VCC_1                |
| src4      | g3        | FDRE/Q              | None            | SLICE_X76Y125   | X0Y2         |           1 |               0 |                     |                                                             | block_design_i/mdm_1/U0/MDM_Core_I1/JTAG_CONTROL_I/Test_Access_Port.update_unbuf_reg/Q                                    | block_design_i/mdm_1/U0/MDM_Core_I1/JTAG_CONTROL_I/Test_Access_Port.update_unbuf                   |
| src5      | g4        | MMCME2_ADV/CLKOUT0  | MMCME2_ADV_X1Y3 | MMCME2_ADV_X1Y3 | X1Y3         |           1 |               0 |               5.000 | mmcm_clkout0                                                | block_design_i/mig_7series_0/u_block_design_mig_7series_0_0_mig/u_ddr3_infrastructure/gen_ui_extra_clocks.mmcm_i/CLKOUT0  | block_design_i/mig_7series_0/u_block_design_mig_7series_0_0_mig/u_ddr3_infrastructure/mmcm_clkout0 |
| src6      | g7        | PLLE2_ADV/CLKOUT3   | PLLE2_ADV_X1Y3  | PLLE2_ADV_X1Y3  | X1Y3         |           1 |               0 |              10.000 | pll_clk3_out                                                | block_design_i/mig_7series_0/u_block_design_mig_7series_0_0_mig/u_ddr3_infrastructure/plle2_i/CLKOUT3                     | block_design_i/mig_7series_0/u_block_design_mig_7series_0_0_mig/u_ddr3_infrastructure/pll_clk3_out |
+-----------+-----------+---------------------+-----------------+-----------------+--------------+-------------+-----------------+---------------------+-------------------------------------------------------------+---------------------------------------------------------------------------------------------------------------------------+----------------------------------------------------------------------------------------------------+
* Clock Loads column represents cell count of net connects that connect to a clock pin. Internal cell leaf pins are not considered
** Non-Clock Loads column represents cell count of non-clock pin loads


4. Local Clock Details
----------------------

+----------+----------------------------+----------------------+-------------------------------------+--------------+-------------+-----------------+--------------+---------------+--------------------------------------------------------------------------------------------------------------------------------------------------------------------------------------------------------------------------------------+-----------------------------------------------------------------------------------------------------------------------------------------------------------------------------------------------------------------------------------+
| Local Id | Driver Type/Pin            | Constraint           | Site/BEL                            | Clock Region | Clock Loads | Non-Clock Loads | Clock Period | Clock         | Driver Pin                                                                                                                                                                                                                           | Net                                                                                                                                                                                                                               |
+----------+----------------------------+----------------------+-------------------------------------+--------------+-------------+-----------------+--------------+---------------+--------------------------------------------------------------------------------------------------------------------------------------------------------------------------------------------------------------------------------------+-----------------------------------------------------------------------------------------------------------------------------------------------------------------------------------------------------------------------------------+
| 0        | PLLE2_ADV/CLKOUT0          | PLLE2_ADV_X1Y3       | PLLE2_ADV_X1Y3/PLLE2_ADV            | X1Y3         |           5 |               2 |        1.250 | freq_refclk   | block_design_i/mig_7series_0/u_block_design_mig_7series_0_0_mig/u_ddr3_infrastructure/plle2_i/CLKOUT0                                                                                                                                | block_design_i/mig_7series_0/u_block_design_mig_7series_0_0_mig/u_ddr3_infrastructure/freq_refclk                                                                                                                                 |
| 1        | PHASER_OUT_PHY/OCLKDELAYED | PHASER_OUT_PHY_X1Y14 | PHASER_OUT_PHY_X1Y14/PHASER_OUT_PHY | X1Y3         |           2 |               0 |        2.500 | oserdes_clk_2 | block_design_i/mig_7series_0/u_block_design_mig_7series_0_0_mig/u_memc_ui_top_axi/mem_intfc0/ddr_phy_top0/u_ddr_mc_phy_wrapper/u_ddr_mc_phy/ddr_phy_4lanes_0.u_ddr_phy_4lanes/ddr_byte_lane_C.ddr_byte_lane_C/phaser_out/OCLKDELAYED | block_design_i/mig_7series_0/u_block_design_mig_7series_0_0_mig/u_memc_ui_top_axi/mem_intfc0/ddr_phy_top0/u_ddr_mc_phy_wrapper/u_ddr_mc_phy/ddr_phy_4lanes_0.u_ddr_phy_4lanes/ddr_byte_lane_C.ddr_byte_lane_C/oserdes_clk_delayed |
| 2        | PHASER_OUT_PHY/OCLKDELAYED | PHASER_OUT_PHY_X1Y15 | PHASER_OUT_PHY_X1Y15/PHASER_OUT_PHY | X1Y3         |           2 |               0 |        2.500 | oserdes_clk_3 | block_design_i/mig_7series_0/u_block_design_mig_7series_0_0_mig/u_memc_ui_top_axi/mem_intfc0/ddr_phy_top0/u_ddr_mc_phy_wrapper/u_ddr_mc_phy/ddr_phy_4lanes_0.u_ddr_phy_4lanes/ddr_byte_lane_D.ddr_byte_lane_D/phaser_out/OCLKDELAYED | block_design_i/mig_7series_0/u_block_design_mig_7series_0_0_mig/u_memc_ui_top_axi/mem_intfc0/ddr_phy_top0/u_ddr_mc_phy_wrapper/u_ddr_mc_phy/ddr_phy_4lanes_0.u_ddr_phy_4lanes/ddr_byte_lane_D.ddr_byte_lane_D/oserdes_clk_delayed |
| 3        | PLLE2_ADV/CLKOUT1          | PLLE2_ADV_X1Y3       | PLLE2_ADV_X1Y3/PLLE2_ADV            | X1Y3         |           1 |               6 |        2.500 | mem_refclk    | block_design_i/mig_7series_0/u_block_design_mig_7series_0_0_mig/u_ddr3_infrastructure/plle2_i/CLKOUT1                                                                                                                                | block_design_i/mig_7series_0/u_block_design_mig_7series_0_0_mig/u_ddr3_infrastructure/mem_refclk                                                                                                                                  |
+----------+----------------------------+----------------------+-------------------------------------+--------------+-------------+-----------------+--------------+---------------+--------------------------------------------------------------------------------------------------------------------------------------------------------------------------------------------------------------------------------------+-----------------------------------------------------------------------------------------------------------------------------------------------------------------------------------------------------------------------------------+
* Local Clocks in this context represents only clocks driven by non-global buffers
** Clock Loads column represents cell count of net connects that connect to a clock pin. Internal cell leaf pins are not considered
*** Non-Clock Loads column represents cell count of non-clock pin loads


5. Clock Regions: Key Resource Utilization
------------------------------------------

+-------------------+--------------+--------------+--------------+--------------+--------------+--------------+--------------+--------------+--------------+--------------+--------------+--------------+--------------+--------------+--------------+
|                   | Global Clock |     BUFRs    |    BUFMRs    |    BUFIOs    |     MMCM     |      PLL     |      GT      |      PCI     |    ILOGIC    |    OLOGIC    |      FF      |     LUTM     |    RAMB18    |    RAMB36    |    DSP48E2   |
+-------------------+------+-------+------+-------+------+-------+------+-------+------+-------+------+-------+------+-------+------+-------+------+-------+------+-------+------+-------+------+-------+------+-------+------+-------+------+-------+
| Clock Region Name | Used | Avail | Used | Avail | Used | Avail | Used | Avail | Used | Avail | Used | Avail | Used | Avail | Used | Avail | Used | Avail | Used | Avail | Used | Avail | Used | Avail | Used | Avail | Used | Avail | Used | Avail |
+-------------------+------+-------+------+-------+------+-------+------+-------+------+-------+------+-------+------+-------+------+-------+------+-------+------+-------+------+-------+------+-------+------+-------+------+-------+------+-------+
| X0Y0              |    0 |    12 |    0 |     4 |    0 |     2 |    0 |     4 |    0 |     1 |    0 |     1 |    0 |     4 |    0 |     0 |    0 |    50 |    0 |    50 |    0 |  2700 |    0 |   800 |    0 |    60 |    0 |    30 |    0 |    60 |
| X1Y0              |    0 |    12 |    0 |     4 |    0 |     2 |    0 |     4 |    0 |     1 |    0 |     1 |    0 |     4 |    0 |     0 |    0 |    50 |    0 |    50 |    0 |  2500 |    0 |   800 |    0 |    40 |    0 |    20 |    0 |    40 |
| X0Y1              |    0 |    12 |    0 |     4 |    0 |     2 |    0 |     4 |    0 |     1 |    0 |     1 |    0 |     0 |    0 |     0 |    0 |    50 |    0 |    50 |    0 |  4200 |    0 |  1400 |    0 |   100 |    0 |    50 |    0 |   100 |
| X1Y1              |    1 |    12 |    0 |     4 |    0 |     2 |    0 |     4 |    0 |     1 |    0 |     1 |    0 |     0 |    0 |     0 |    0 |    50 |    0 |    50 |    0 |  4000 |    0 |  1400 |    0 |    80 |    3 |    40 |    0 |    80 |
| X0Y2              |    6 |    12 |    0 |     4 |    0 |     2 |    0 |     4 |    0 |     1 |    1 |     1 |    0 |     0 |    0 |     0 |    1 |    50 |    1 |    50 |  847 |  3600 |  294 |  1400 |    0 |   100 |    5 |    50 |    0 |   100 |
| X1Y2              |    4 |    12 |    0 |     4 |    0 |     2 |    0 |     4 |    0 |     1 |    0 |     1 |    0 |     0 |    0 |     0 |    0 |    50 |    1 |    50 | 3372 |  4000 | 1371 |  1400 |    0 |    80 |   14 |    40 |    4 |    80 |
| X0Y3              |    3 |    12 |    0 |     4 |    0 |     2 |    0 |     4 |    0 |     1 |    0 |     1 |    0 |     0 |    0 |     0 |    0 |    50 |    0 |    50 | 1383 |  3600 |  440 |  1400 |    0 |   100 |    5 |    50 |    0 |   100 |
| X1Y3              |    4 |    12 |    0 |     4 |    0 |     2 |    0 |     4 |    1 |     1 |    0 |     1 |    0 |     0 |    0 |     0 |    0 |    50 |    4 |    50 | 5920 |  4000 | 2601 |  1400 |    0 |    80 |    5 |    40 |    0 |    80 |
| X0Y4              |    0 |    12 |    0 |     4 |    0 |     2 |    0 |     4 |    0 |     1 |    0 |     1 |    0 |     4 |    0 |     1 |    0 |    50 |    0 |    50 |    0 |  2550 |    0 |   750 |    0 |    50 |    0 |    25 |    0 |    60 |
| X1Y4              |    1 |    12 |    0 |     4 |    0 |     2 |    0 |     4 |    0 |     1 |    0 |     1 |    0 |     4 |    0 |     0 |    0 |    50 |    0 |    50 | 1708 |  2500 |  548 |   800 |    0 |    40 |    0 |    20 |    0 |    40 |
+-------------------+------+-------+------+-------+------+-------+------+-------+------+-------+------+-------+------+-------+------+-------+------+-------+------+-------+------+-------+------+-------+------+-------+------+-------+------+-------+
* Global Clock column represents track count; while other columns represents cell counts


6. Clock Regions : Global Clock Summary
---------------------------------------

All Modules
+----+----+----+
|    | X0 | X1 |
+----+----+----+
| Y4 |  0 |  0 |
| Y3 |  0 |  0 |
| Y2 |  0 |  0 |
| Y1 |  0 |  0 |
| Y0 |  0 |  0 |
+----+----+----+


7. Device Cell Placement Summary for Global Clock g0
----------------------------------------------------

+-----------+-----------------+-------------------+-----------+-------------+---------------+-------------+----------+----------------+----------+--------------------------------------------------------------------------------------------------------+
| Global Id | Driver Type/Pin | Driver Region (D) | Clock     | Period (ns) | Waveform (ns) | Slice Loads | IO Loads | Clocking Loads | GT Loads | Net                                                                                                    |
+-----------+-----------------+-------------------+-----------+-------------+---------------+-------------+----------+----------------+----------+--------------------------------------------------------------------------------------------------------+
| g0        | BUFG/O          | n/a               | clk_pll_i |      10.000 | {0.000 5.000} |       13022 |        0 |              2 |        0 | block_design_i/mig_7series_0/u_block_design_mig_7series_0_0_mig/u_ddr3_infrastructure/u_bufg_clkdiv0_0 |
+-----------+-----------------+-------------------+-----------+-------------+---------------+-------------+----------+----------------+----------+--------------------------------------------------------------------------------------------------------+
* Slice Loads column represents load cell count of all cell types other than IO, GT and clock resources
** IO Loads column represents load cell count of IO types
*** Clocking Loads column represents load cell count that are clock resources (global clock buffer, MMCM, PLL, etc)
**** GT Loads column represents load cell count of GT types


+----+-------+-------+-----------------------+
|    | X0    | X1    | HORIZONTAL PROG DELAY |
+----+-------+-------+-----------------------+
| Y4 |     0 |  1808 |                     0 |
| Y3 |  1019 |  6313 |                     0 |
| Y2 |   599 |  3282 |                     0 |
| Y1 |     0 |     3 |                     0 |
| Y0 |     0 |     0 |                     - |
+----+-------+-------+-----------------------+


8. Device Cell Placement Summary for Global Clock g1
----------------------------------------------------

+-----------+-----------------+-------------------+---------+-------------+----------------+-------------+----------+----------------+----------+-----------------------------------------------------------------------------------------------------+
| Global Id | Driver Type/Pin | Driver Region (D) | Clock   | Period (ns) | Waveform (ns)  | Slice Loads | IO Loads | Clocking Loads | GT Loads | Net                                                                                                 |
+-----------+-----------------+-------------------+---------+-------------+----------------+-------------+----------+----------------+----------+-----------------------------------------------------------------------------------------------------+
| g1        | BUFG/O          | n/a               | clkout0 |      81.373 | {0.000 40.686} |         395 |        0 |              0 |        0 | block_design_i/d_axi_i2s_audio_0/U0/d_axi_i2s_audio_v2_0_AXI_L_inst/Inst_I2sCtl/Inst_Dcm/CLK_12_288 |
+-----------+-----------------+-------------------+---------+-------------+----------------+-------------+----------+----------------+----------+-----------------------------------------------------------------------------------------------------+
* Slice Loads column represents load cell count of all cell types other than IO, GT and clock resources
** IO Loads column represents load cell count of IO types
*** Clocking Loads column represents load cell count that are clock resources (global clock buffer, MMCM, PLL, etc)
**** GT Loads column represents load cell count of GT types


+----+------+-----+-----------------------+
|    | X0   | X1  | HORIZONTAL PROG DELAY |
+----+------+-----+-----------------------+
| Y4 |    0 |   0 |                     - |
| Y3 |  317 |  20 |                     0 |
| Y2 |   57 |   1 |                     0 |
| Y1 |    0 |   0 |                     - |
| Y0 |    0 |   0 |                     - |
+----+------+-----+-----------------------+


9. Device Cell Placement Summary for Global Clock g2
----------------------------------------------------

+-----------+-----------------+-------------------+-------------------------------------------------------------+-------------+----------------+-------------+----------+----------------+----------+---------------------------------------------------------------------------------------------------+
| Global Id | Driver Type/Pin | Driver Region (D) | Clock                                                       | Period (ns) | Waveform (ns)  | Slice Loads | IO Loads | Clocking Loads | GT Loads | Net                                                                                               |
+-----------+-----------------+-------------------+-------------------------------------------------------------+-------------+----------------+-------------+----------+----------------+----------+---------------------------------------------------------------------------------------------------+
| g2        | BUFGCTRL/O      | n/a               | block_design_i/mdm_1/U0/Use_E2.BSCAN_I/Use_E2.BSCANE2_I/TCK |      33.333 | {0.000 16.667} |         203 |        0 |              0 |        0 | block_design_i/mdm_1/U0/MDM_Core_I1/JTAG_CONTROL_I/Test_Access_Port.BUFG_DRCK/Using_FPGA.Native_0 |
+-----------+-----------------+-------------------+-------------------------------------------------------------+-------------+----------------+-------------+----------+----------------+----------+---------------------------------------------------------------------------------------------------+
* Slice Loads column represents load cell count of all cell types other than IO, GT and clock resources
** IO Loads column represents load cell count of IO types
*** Clocking Loads column represents load cell count that are clock resources (global clock buffer, MMCM, PLL, etc)
**** GT Loads column represents load cell count of GT types


+----+------+-----+-----------------------+
|    | X0   | X1  | HORIZONTAL PROG DELAY |
+----+------+-----+-----------------------+
| Y4 |    0 |   0 |                     - |
| Y3 |    0 |   0 |                     - |
| Y2 |  111 |  92 |                     0 |
| Y1 |    0 |   0 |                     - |
| Y0 |    0 |   0 |                     - |
+----+------+-----+-----------------------+


10. Device Cell Placement Summary for Global Clock g3
-----------------------------------------------------

+-----------+-----------------+-------------------+-----------------------------------------------------------------------------------------------------+-------------+----------------+-------------+----------+----------------+----------+-----------------------------------------------------------------------------------------------------+
| Global Id | Driver Type/Pin | Driver Region (D) | Clock                                                                                               | Period (ns) | Waveform (ns)  | Slice Loads | IO Loads | Clocking Loads | GT Loads | Net                                                                                                 |
+-----------+-----------------+-------------------+-----------------------------------------------------------------------------------------------------+-------------+----------------+-------------+----------+----------------+----------+-----------------------------------------------------------------------------------------------------+
| g3        | BUFG/O          | n/a               | block_design_i/mdm_1/U0/MDM_Core_I1/JTAG_CONTROL_I/Test_Access_Port.BUFG_UPDATE/Using_FPGA.Native/O |      66.666 | {0.000 33.333} |         133 |        0 |              0 |        0 | block_design_i/mdm_1/U0/MDM_Core_I1/JTAG_CONTROL_I/Test_Access_Port.BUFG_UPDATE/Using_FPGA.Native_0 |
+-----------+-----------------+-------------------+-----------------------------------------------------------------------------------------------------+-------------+----------------+-------------+----------+----------------+----------+-----------------------------------------------------------------------------------------------------+
* Slice Loads column represents load cell count of all cell types other than IO, GT and clock resources
** IO Loads column represents load cell count of IO types
*** Clocking Loads column represents load cell count that are clock resources (global clock buffer, MMCM, PLL, etc)
**** GT Loads column represents load cell count of GT types


+----+-----+------+-----------------------+
|    | X0  | X1   | HORIZONTAL PROG DELAY |
+----+-----+------+-----------------------+
| Y4 |   0 |    0 |                     - |
| Y3 |   0 |    0 |                     - |
| Y2 |  14 |  119 |                     0 |
| Y1 |   0 |    0 |                     - |
| Y0 |   0 |    0 |                     - |
+----+-----+------+-----------------------+


11. Device Cell Placement Summary for Global Clock g4
-----------------------------------------------------

+-----------+-----------------+-------------------+--------------+-------------+---------------+-------------+----------+----------------+----------+-----------------------------------------------------------------------------------------------------+
| Global Id | Driver Type/Pin | Driver Region (D) | Clock        | Period (ns) | Waveform (ns) | Slice Loads | IO Loads | Clocking Loads | GT Loads | Net                                                                                                 |
+-----------+-----------------+-------------------+--------------+-------------+---------------+-------------+----------+----------------+----------+-----------------------------------------------------------------------------------------------------+
| g4        | BUFG/O          | n/a               | mmcm_clkout0 |       5.000 | {0.000 2.500} |          62 |        0 |              0 |        0 | block_design_i/mig_7series_0/u_block_design_mig_7series_0_0_mig/u_ddr3_infrastructure/ui_addn_clk_0 |
+-----------+-----------------+-------------------+--------------+-------------+---------------+-------------+----------+----------------+----------+-----------------------------------------------------------------------------------------------------+
* Slice Loads column represents load cell count of all cell types other than IO, GT and clock resources
** IO Loads column represents load cell count of IO types
*** Clocking Loads column represents load cell count that are clock resources (global clock buffer, MMCM, PLL, etc)
**** GT Loads column represents load cell count of GT types


+----+-----+----+-----------------------+
|    | X0  | X1 | HORIZONTAL PROG DELAY |
+----+-----+----+-----------------------+
| Y4 |   0 |  0 |                     - |
| Y3 |  61 |  1 |                     0 |
| Y2 |   0 |  0 |                     - |
| Y1 |   0 |  0 |                     - |
| Y0 |   0 |  0 |                     - |
+----+-----+----+-----------------------+


12. Device Cell Placement Summary for Global Clock g5
-----------------------------------------------------

+-----------+-----------------+-------------------+-------------------------------------------------------------+-------------+----------------+-------------+----------+----------------+----------+-------------------------------------------------+
| Global Id | Driver Type/Pin | Driver Region (D) | Clock                                                       | Period (ns) | Waveform (ns)  | Slice Loads | IO Loads | Clocking Loads | GT Loads | Net                                             |
+-----------+-----------------+-------------------+-------------------------------------------------------------+-------------+----------------+-------------+----------+----------------+----------+-------------------------------------------------+
| g5        | BUFG/O          | n/a               | block_design_i/mdm_1/U0/Use_E2.BSCAN_I/Use_E2.BSCANE2_I/TCK |      33.333 | {0.000 16.667} |          51 |        0 |              0 |        0 | block_design_i/mdm_1/U0/Use_E2.BSCAN_I/tck_BUFG |
+-----------+-----------------+-------------------+-------------------------------------------------------------+-------------+----------------+-------------+----------+----------------+----------+-------------------------------------------------+
* Slice Loads column represents load cell count of all cell types other than IO, GT and clock resources
** IO Loads column represents load cell count of IO types
*** Clocking Loads column represents load cell count that are clock resources (global clock buffer, MMCM, PLL, etc)
**** GT Loads column represents load cell count of GT types


+----+-----+----+-----------------------+
|    | X0  | X1 | HORIZONTAL PROG DELAY |
+----+-----+----+-----------------------+
| Y4 |   0 |  0 |                     - |
| Y3 |   0 |  0 |                     - |
| Y2 |  51 |  0 |                     0 |
| Y1 |   0 |  0 |                     - |
| Y0 |   0 |  0 |                     - |
+----+-----+----+-----------------------+


13. Device Cell Placement Summary for Global Clock g6
-----------------------------------------------------

+-----------+-----------------+-------------------+-------------------------------------------------------------+-------------+----------------+-------------+----------+----------------+----------+-----------------------------------------------------------------------------+
| Global Id | Driver Type/Pin | Driver Region (D) | Clock                                                       | Period (ns) | Waveform (ns)  | Slice Loads | IO Loads | Clocking Loads | GT Loads | Net                                                                         |
+-----------+-----------------+-------------------+-------------------------------------------------------------+-------------+----------------+-------------+----------+----------------+----------+-----------------------------------------------------------------------------+
| g6        | BUFGCTRL/O      | n/a               | block_design_i/mdm_1/U0/Use_E2.BSCAN_I/Use_E2.BSCANE2_I/TCK |      33.333 | {0.000 16.667} |          31 |        0 |              1 |        0 | block_design_i/mdm_1/U0/Use_JTAG_BSCAN.BUFG_JTAG_TCK/Use_JTAG_BSCAN.tck_int |
+-----------+-----------------+-------------------+-------------------------------------------------------------+-------------+----------------+-------------+----------+----------------+----------+-----------------------------------------------------------------------------+
* Slice Loads column represents load cell count of all cell types other than IO, GT and clock resources
** IO Loads column represents load cell count of IO types
*** Clocking Loads column represents load cell count that are clock resources (global clock buffer, MMCM, PLL, etc)
**** GT Loads column represents load cell count of GT types


+----+-----+----+-----------------------+
|    | X0  | X1 | HORIZONTAL PROG DELAY |
+----+-----+----+-----------------------+
| Y4 |   0 |  0 |                     - |
| Y3 |   0 |  0 |                     - |
| Y2 |  31 |  0 |                     0 |
| Y1 |   0 |  0 |                     - |
| Y0 |   0 |  0 |                     - |
+----+-----+----+-----------------------+


14. Device Cell Placement Summary for Global Clock g7
-----------------------------------------------------

+-----------+-----------------+-------------------+--------------+-------------+---------------+-------------+----------+----------------+----------+------------------------------------------------------------------------------------------------+
| Global Id | Driver Type/Pin | Driver Region (D) | Clock        | Period (ns) | Waveform (ns) | Slice Loads | IO Loads | Clocking Loads | GT Loads | Net                                                                                            |
+-----------+-----------------+-------------------+--------------+-------------+---------------+-------------+----------+----------------+----------+------------------------------------------------------------------------------------------------+
| g7        | BUFH/O          | X1Y3              | pll_clk3_out |      10.000 | {0.000 5.000} |           0 |        0 |              1 |        0 | block_design_i/mig_7series_0/u_block_design_mig_7series_0_0_mig/u_ddr3_infrastructure/pll_clk3 |
+-----------+-----------------+-------------------+--------------+-------------+---------------+-------------+----------+----------------+----------+------------------------------------------------------------------------------------------------+
* Slice Loads column represents load cell count of all cell types other than IO, GT and clock resources
** IO Loads column represents load cell count of IO types
*** Clocking Loads column represents load cell count that are clock resources (global clock buffer, MMCM, PLL, etc)
**** GT Loads column represents load cell count of GT types


+----+----+--------+-----------------------+
|    | X0 | X1     | HORIZONTAL PROG DELAY |
+----+----+--------+-----------------------+
| Y4 |  0 |      0 |                     - |
| Y3 |  0 |  (D) 1 |                     0 |
| Y2 |  0 |      0 |                     - |
| Y1 |  0 |      0 |                     - |
| Y0 |  0 |      0 |                     - |
+----+----+--------+-----------------------+


15. Clock Region Cell Placement per Global Clock: Region X1Y1
-------------------------------------------------------------

+-----------+-------+-----------------+------------+-------------+-----------------+----+-------------+------+-----+----+------+-----+---------+--------------------------------------------------------------------------------------------------------+
| Global Id | Track | Driver Type/Pin | Constraint | Clock Loads | Non-Clock Loads | FF | Memory LUTs | RAMB | DSP | GT | MMCM | PLL | Hard IP | Net                                                                                                    |
+-----------+-------+-----------------+------------+-------------+-----------------+----+-------------+------+-----+----+------+-----+---------+--------------------------------------------------------------------------------------------------------+
| g0        | n/a   | BUFG/O          | None       |           3 |               0 |  0 |           0 |    3 |   0 |  0 |    0 |   0 |       0 | block_design_i/mig_7series_0/u_block_design_mig_7series_0_0_mig/u_ddr3_infrastructure/u_bufg_clkdiv0_0 |
+-----------+-------+-----------------+------------+-------------+-----------------+----+-------------+------+-----+----+------+-----+---------+--------------------------------------------------------------------------------------------------------+
* Clock Loads column represents cell count of net connects that connect to a clock pin. Internal cell leaf pins are not considered
** Non-Clock Loads column represents cell count of non-clock pin loads
*** Columns FF, LUTRAM, RAMB through 'Hard IP' represents load cell counts


16. Clock Region Cell Placement per Global Clock: Region X0Y2
-------------------------------------------------------------

+-----------+-------+-----------------+------------+-------------+-----------------+-----+-------------+------+-----+----+------+-----+---------+--------------------------------------------------------------------------------------------------------+
| Global Id | Track | Driver Type/Pin | Constraint | Clock Loads | Non-Clock Loads | FF  | Memory LUTs | RAMB | DSP | GT | MMCM | PLL | Hard IP | Net                                                                                                    |
+-----------+-------+-----------------+------------+-------------+-----------------+-----+-------------+------+-----+----+------+-----+---------+--------------------------------------------------------------------------------------------------------+
| g0        | n/a   | BUFG/O          | None       |         599 |               0 | 590 |           2 |    5 |   0 |  0 |    0 |   1 |       0 | block_design_i/mig_7series_0/u_block_design_mig_7series_0_0_mig/u_ddr3_infrastructure/u_bufg_clkdiv0_0 |
| g1        | n/a   | BUFG/O          | None       |          57 |               0 |  55 |           1 |    0 |   0 |  0 |    0 |   0 |       0 | block_design_i/d_axi_i2s_audio_0/U0/d_axi_i2s_audio_v2_0_AXI_L_inst/Inst_I2sCtl/Inst_Dcm/CLK_12_288    |
| g2        | n/a   | BUFGCTRL/O      | None       |         111 |               0 | 109 |           2 |    0 |   0 |  0 |    0 |   0 |       0 | block_design_i/mdm_1/U0/MDM_Core_I1/JTAG_CONTROL_I/Test_Access_Port.BUFG_DRCK/Using_FPGA.Native_0      |
| g3        | n/a   | BUFG/O          | None       |          14 |               0 |  14 |           0 |    0 |   0 |  0 |    0 |   0 |       0 | block_design_i/mdm_1/U0/MDM_Core_I1/JTAG_CONTROL_I/Test_Access_Port.BUFG_UPDATE/Using_FPGA.Native_0    |
| g5        | n/a   | BUFG/O          | None       |          51 |               0 |  48 |           3 |    0 |   0 |  0 |    0 |   0 |       0 | block_design_i/mdm_1/U0/Use_E2.BSCAN_I/tck_BUFG                                                        |
| g6        | n/a   | BUFGCTRL/O      | None       |          31 |               0 |  31 |           0 |    0 |   0 |  0 |    0 |   0 |       0 | block_design_i/mdm_1/U0/Use_JTAG_BSCAN.BUFG_JTAG_TCK/Use_JTAG_BSCAN.tck_int                            |
+-----------+-------+-----------------+------------+-------------+-----------------+-----+-------------+------+-----+----+------+-----+---------+--------------------------------------------------------------------------------------------------------+
* Clock Loads column represents cell count of net connects that connect to a clock pin. Internal cell leaf pins are not considered
** Non-Clock Loads column represents cell count of non-clock pin loads
*** Columns FF, LUTRAM, RAMB through 'Hard IP' represents load cell counts


17. Clock Region Cell Placement per Global Clock: Region X1Y2
-------------------------------------------------------------

+-----------+-------+-----------------+------------+-------------+-----------------+------+-------------+------+-----+----+------+-----+---------+--------------------------------------------------------------------------------------------------------+
| Global Id | Track | Driver Type/Pin | Constraint | Clock Loads | Non-Clock Loads | FF   | Memory LUTs | RAMB | DSP | GT | MMCM | PLL | Hard IP | Net                                                                                                    |
+-----------+-------+-----------------+------------+-------------+-----------------+------+-------------+------+-----+----+------+-----+---------+--------------------------------------------------------------------------------------------------------+
| g0        | n/a   | BUFG/O          | None       |        3282 |               0 | 3161 |         102 |   14 |   4 |  0 |    0 |   0 |       0 | block_design_i/mig_7series_0/u_block_design_mig_7series_0_0_mig/u_ddr3_infrastructure/u_bufg_clkdiv0_0 |
| g1        | n/a   | BUFG/O          | None       |           1 |               0 |    0 |           0 |    0 |   0 |  0 |    0 |   0 |       0 | block_design_i/d_axi_i2s_audio_0/U0/d_axi_i2s_audio_v2_0_AXI_L_inst/Inst_I2sCtl/Inst_Dcm/CLK_12_288    |
| g2        | n/a   | BUFGCTRL/O      | None       |          92 |               0 |   92 |           0 |    0 |   0 |  0 |    0 |   0 |       0 | block_design_i/mdm_1/U0/MDM_Core_I1/JTAG_CONTROL_I/Test_Access_Port.BUFG_DRCK/Using_FPGA.Native_0      |
| g3        | n/a   | BUFG/O          | None       |         119 |               0 |  119 |           0 |    0 |   0 |  0 |    0 |   0 |       0 | block_design_i/mdm_1/U0/MDM_Core_I1/JTAG_CONTROL_I/Test_Access_Port.BUFG_UPDATE/Using_FPGA.Native_0    |
+-----------+-------+-----------------+------------+-------------+-----------------+------+-------------+------+-----+----+------+-----+---------+--------------------------------------------------------------------------------------------------------+
* Clock Loads column represents cell count of net connects that connect to a clock pin. Internal cell leaf pins are not considered
** Non-Clock Loads column represents cell count of non-clock pin loads
*** Columns FF, LUTRAM, RAMB through 'Hard IP' represents load cell counts


18. Clock Region Cell Placement per Global Clock: Region X0Y3
-------------------------------------------------------------

+-----------+-------+-----------------+------------+-------------+-----------------+------+-------------+------+-----+----+------+-----+---------+--------------------------------------------------------------------------------------------------------+
| Global Id | Track | Driver Type/Pin | Constraint | Clock Loads | Non-Clock Loads | FF   | Memory LUTs | RAMB | DSP | GT | MMCM | PLL | Hard IP | Net                                                                                                    |
+-----------+-------+-----------------+------------+-------------+-----------------+------+-------------+------+-----+----+------+-----+---------+--------------------------------------------------------------------------------------------------------+
| g0        | n/a   | BUFG/O          | None       |        1019 |               0 | 1011 |           2 |    5 |   0 |  0 |    0 |   0 |       0 | block_design_i/mig_7series_0/u_block_design_mig_7series_0_0_mig/u_ddr3_infrastructure/u_bufg_clkdiv0_0 |
| g1        | n/a   | BUFG/O          | None       |         317 |               0 |  312 |           2 |    3 |   0 |  0 |    0 |   0 |       0 | block_design_i/d_axi_i2s_audio_0/U0/d_axi_i2s_audio_v2_0_AXI_L_inst/Inst_I2sCtl/Inst_Dcm/CLK_12_288    |
| g4        | n/a   | BUFG/O          | None       |          61 |               0 |   60 |           0 |    0 |   0 |  0 |    0 |   0 |       0 | block_design_i/mig_7series_0/u_block_design_mig_7series_0_0_mig/u_ddr3_infrastructure/ui_addn_clk_0    |
+-----------+-------+-----------------+------------+-------------+-----------------+------+-------------+------+-----+----+------+-----+---------+--------------------------------------------------------------------------------------------------------+
* Clock Loads column represents cell count of net connects that connect to a clock pin. Internal cell leaf pins are not considered
** Non-Clock Loads column represents cell count of non-clock pin loads
*** Columns FF, LUTRAM, RAMB through 'Hard IP' represents load cell counts


19. Clock Region Cell Placement per Global Clock: Region X1Y3
-------------------------------------------------------------

+-----------+-------+-----------------+------------+-------------+-----------------+------+-------------+------+-----+----+------+-----+---------+--------------------------------------------------------------------------------------------------------+
| Global Id | Track | Driver Type/Pin | Constraint | Clock Loads | Non-Clock Loads | FF   | Memory LUTs | RAMB | DSP | GT | MMCM | PLL | Hard IP | Net                                                                                                    |
+-----------+-------+-----------------+------------+-------------+-----------------+------+-------------+------+-----+----+------+-----+---------+--------------------------------------------------------------------------------------------------------+
| g0        | n/a   | BUFG/O          | None       |        6313 |               0 | 5903 |         375 |    5 |   0 |  0 |    1 |   0 |       0 | block_design_i/mig_7series_0/u_block_design_mig_7series_0_0_mig/u_ddr3_infrastructure/u_bufg_clkdiv0_0 |
| g1        | n/a   | BUFG/O          | None       |          20 |               0 |   17 |           0 |    3 |   0 |  0 |    0 |   0 |       0 | block_design_i/d_axi_i2s_audio_0/U0/d_axi_i2s_audio_v2_0_AXI_L_inst/Inst_I2sCtl/Inst_Dcm/CLK_12_288    |
| g4        | n/a   | BUFG/O          | None       |           1 |               0 |    0 |           0 |    0 |   0 |  0 |    0 |   0 |       0 | block_design_i/mig_7series_0/u_block_design_mig_7series_0_0_mig/u_ddr3_infrastructure/ui_addn_clk_0    |
| g7        | n/a   | BUFH/O          | None       |           1 |               0 |    0 |           0 |    0 |   0 |  0 |    1 |   0 |       0 | block_design_i/mig_7series_0/u_block_design_mig_7series_0_0_mig/u_ddr3_infrastructure/pll_clk3         |
+-----------+-------+-----------------+------------+-------------+-----------------+------+-------------+------+-----+----+------+-----+---------+--------------------------------------------------------------------------------------------------------+
* Clock Loads column represents cell count of net connects that connect to a clock pin. Internal cell leaf pins are not considered
** Non-Clock Loads column represents cell count of non-clock pin loads
*** Columns FF, LUTRAM, RAMB through 'Hard IP' represents load cell counts


20. Clock Region Cell Placement per Global Clock: Region X1Y4
-------------------------------------------------------------

+-----------+-------+-----------------+------------+-------------+-----------------+------+-------------+------+-----+----+------+-----+---------+--------------------------------------------------------------------------------------------------------+
| Global Id | Track | Driver Type/Pin | Constraint | Clock Loads | Non-Clock Loads | FF   | Memory LUTs | RAMB | DSP | GT | MMCM | PLL | Hard IP | Net                                                                                                    |
+-----------+-------+-----------------+------------+-------------+-----------------+------+-------------+------+-----+----+------+-----+---------+--------------------------------------------------------------------------------------------------------+
| g0        | n/a   | BUFG/O          | None       |        1808 |               0 | 1708 |         100 |    0 |   0 |  0 |    0 |   0 |       0 | block_design_i/mig_7series_0/u_block_design_mig_7series_0_0_mig/u_ddr3_infrastructure/u_bufg_clkdiv0_0 |
+-----------+-------+-----------------+------------+-------------+-----------------+------+-------------+------+-----+----+------+-----+---------+--------------------------------------------------------------------------------------------------------+
* Clock Loads column represents cell count of net connects that connect to a clock pin. Internal cell leaf pins are not considered
** Non-Clock Loads column represents cell count of non-clock pin loads
*** Columns FF, LUTRAM, RAMB through 'Hard IP' represents load cell counts



# Location of BUFG Primitives 
set_property LOC BUFGCTRL_X0Y17 [get_cells block_design_i/mig_7series_0/u_block_design_mig_7series_0_0_mig/u_ddr3_infrastructure/gen_ui_extra_clocks.u_bufg_ui_addn_clk_0]
set_property LOC BUFGCTRL_X0Y16 [get_cells block_design_i/mig_7series_0/u_block_design_mig_7series_0_0_mig/u_ddr3_infrastructure/u_bufg_clkdiv0]
set_property LOC BUFGCTRL_X0Y2 [get_cells block_design_i/mdm_1/U0/Use_JTAG_BSCAN.BUFG_JTAG_TCK/Using_FPGA.Native]
set_property LOC BUFGCTRL_X0Y4 [get_cells block_design_i/mdm_1/U0/Use_E2.BSCAN_I/tck_BUFG_inst]
set_property LOC BUFGCTRL_X0Y3 [get_cells block_design_i/mdm_1/U0/MDM_Core_I1/JTAG_CONTROL_I/Test_Access_Port.BUFG_UPDATE/Using_FPGA.Native]
set_property LOC BUFGCTRL_X0Y1 [get_cells block_design_i/mdm_1/U0/MDM_Core_I1/JTAG_CONTROL_I/Test_Access_Port.BUFG_DRCK/Using_FPGA.Native]
set_property LOC BUFGCTRL_X0Y0 [get_cells block_design_i/d_axi_i2s_audio_0/U0/d_axi_i2s_audio_v2_0_AXI_L_inst/Inst_I2sCtl/Inst_Dcm/clkout1_buf]

# Location of BUFH Primitives 
set_property LOC BUFHCE_X1Y36 [get_cells block_design_i/mig_7series_0/u_block_design_mig_7series_0_0_mig/u_ddr3_infrastructure/u_bufh_pll_clk3]

# Location of IO Primitives which is load of clock spine

# Location of clock ports
set_property LOC IOB_X1Y124 [get_ports sys_clk_i]

# Clock net "block_design_i/mig_7series_0/u_block_design_mig_7series_0_0_mig/u_ddr3_infrastructure/ui_addn_clk_0" driven by instance "block_design_i/mig_7series_0/u_block_design_mig_7series_0_0_mig/u_ddr3_infrastructure/gen_ui_extra_clocks.u_bufg_ui_addn_clk_0" located at site "BUFGCTRL_X0Y17"
#startgroup
create_pblock {CLKAG_block_design_i/mig_7series_0/u_block_design_mig_7series_0_0_mig/u_ddr3_infrastructure/ui_addn_clk_0}
add_cells_to_pblock [get_pblocks  {CLKAG_block_design_i/mig_7series_0/u_block_design_mig_7series_0_0_mig/u_ddr3_infrastructure/ui_addn_clk_0}] [get_cells -filter { PRIMITIVE_GROUP != I/O && IS_PRIMITIVE==1 && PRIMITIVE_LEVEL !=INTERNAL } -of_object [get_pins -filter {DIRECTION==IN} -of_objects [get_nets -hierarchical -filter {PARENT=="block_design_i/mig_7series_0/u_block_design_mig_7series_0_0_mig/u_ddr3_infrastructure/ui_addn_clk_0"}]]]
resize_pblock [get_pblocks {CLKAG_block_design_i/mig_7series_0/u_block_design_mig_7series_0_0_mig/u_ddr3_infrastructure/ui_addn_clk_0}] -add {CLOCKREGION_X0Y3:CLOCKREGION_X0Y3 CLOCKREGION_X1Y3:CLOCKREGION_X1Y3}
#endgroup

# Clock net "block_design_i/mig_7series_0/u_block_design_mig_7series_0_0_mig/u_ddr3_infrastructure/u_bufg_clkdiv0_0" driven by instance "block_design_i/mig_7series_0/u_block_design_mig_7series_0_0_mig/u_ddr3_infrastructure/u_bufg_clkdiv0" located at site "BUFGCTRL_X0Y16"
#startgroup
create_pblock {CLKAG_block_design_i/mig_7series_0/u_block_design_mig_7series_0_0_mig/u_ddr3_infrastructure/u_bufg_clkdiv0_0}
add_cells_to_pblock [get_pblocks  {CLKAG_block_design_i/mig_7series_0/u_block_design_mig_7series_0_0_mig/u_ddr3_infrastructure/u_bufg_clkdiv0_0}] [get_cells -filter { PRIMITIVE_GROUP != I/O && IS_PRIMITIVE==1 && PRIMITIVE_LEVEL !=INTERNAL && NAME!=block_design_i/mig_7series_0/u_block_design_mig_7series_0_0_mig/u_ddr3_infrastructure/gen_ui_extra_clocks.mmcm_i && NAME!=block_design_i/d_axi_i2s_audio_0/U0/d_axi_i2s_audio_v2_0_AXI_L_inst/Inst_I2sCtl/Inst_Dcm/plle2_adv_inst} -of_object [get_pins -filter {DIRECTION==IN} -of_objects [get_nets -hierarchical -filter {PARENT=="block_design_i/mig_7series_0/u_block_design_mig_7series_0_0_mig/u_ddr3_infrastructure/u_bufg_clkdiv0_0"}]]]
resize_pblock [get_pblocks {CLKAG_block_design_i/mig_7series_0/u_block_design_mig_7series_0_0_mig/u_ddr3_infrastructure/u_bufg_clkdiv0_0}] -add {CLOCKREGION_X0Y2:CLOCKREGION_X0Y2 CLOCKREGION_X0Y3:CLOCKREGION_X0Y3 CLOCKREGION_X1Y1:CLOCKREGION_X1Y1 CLOCKREGION_X1Y2:CLOCKREGION_X1Y2 CLOCKREGION_X1Y3:CLOCKREGION_X1Y3 CLOCKREGION_X1Y4:CLOCKREGION_X1Y4}
#endgroup

# Clock net "block_design_i/mdm_1/U0/Use_JTAG_BSCAN.BUFG_JTAG_TCK/Use_JTAG_BSCAN.tck_int" driven by instance "block_design_i/mdm_1/U0/Use_JTAG_BSCAN.BUFG_JTAG_TCK/Using_FPGA.Native" located at site "BUFGCTRL_X0Y2"
#startgroup
create_pblock {CLKAG_block_design_i/mdm_1/U0/Use_JTAG_BSCAN.BUFG_JTAG_TCK/Use_JTAG_BSCAN.tck_int}
add_cells_to_pblock [get_pblocks  {CLKAG_block_design_i/mdm_1/U0/Use_JTAG_BSCAN.BUFG_JTAG_TCK/Use_JTAG_BSCAN.tck_int}] [get_cells -filter { PRIMITIVE_GROUP != I/O && IS_PRIMITIVE==1 && PRIMITIVE_LEVEL !=INTERNAL && NAME!=block_design_i/mdm_1/U0/MDM_Core_I1/JTAG_CONTROL_I/Test_Access_Port.BUFG_DRCK/Using_FPGA.Native} -of_object [get_pins -filter {DIRECTION==IN} -of_objects [get_nets -hierarchical -filter {PARENT=="block_design_i/mdm_1/U0/Use_JTAG_BSCAN.BUFG_JTAG_TCK/Use_JTAG_BSCAN.tck_int"}]]]
resize_pblock [get_pblocks {CLKAG_block_design_i/mdm_1/U0/Use_JTAG_BSCAN.BUFG_JTAG_TCK/Use_JTAG_BSCAN.tck_int}] -add {CLOCKREGION_X0Y2:CLOCKREGION_X0Y2}
#endgroup

# Clock net "block_design_i/mdm_1/U0/Use_E2.BSCAN_I/tck_BUFG" driven by instance "block_design_i/mdm_1/U0/Use_E2.BSCAN_I/tck_BUFG_inst" located at site "BUFGCTRL_X0Y4"
#startgroup
create_pblock {CLKAG_block_design_i/mdm_1/U0/Use_E2.BSCAN_I/tck_BUFG}
add_cells_to_pblock [get_pblocks  {CLKAG_block_design_i/mdm_1/U0/Use_E2.BSCAN_I/tck_BUFG}] [get_cells -filter { PRIMITIVE_GROUP != I/O && IS_PRIMITIVE==1 && PRIMITIVE_LEVEL !=INTERNAL } -of_object [get_pins -filter {DIRECTION==IN} -of_objects [get_nets -hierarchical -filter {PARENT=="block_design_i/mdm_1/U0/Use_E2.BSCAN_I/tck_BUFG"}]]]
resize_pblock [get_pblocks {CLKAG_block_design_i/mdm_1/U0/Use_E2.BSCAN_I/tck_BUFG}] -add {CLOCKREGION_X0Y2:CLOCKREGION_X0Y2}
#endgroup

# Clock net "block_design_i/mdm_1/U0/MDM_Core_I1/JTAG_CONTROL_I/Test_Access_Port.BUFG_UPDATE/Using_FPGA.Native_0" driven by instance "block_design_i/mdm_1/U0/MDM_Core_I1/JTAG_CONTROL_I/Test_Access_Port.BUFG_UPDATE/Using_FPGA.Native" located at site "BUFGCTRL_X0Y3"
#startgroup
create_pblock {CLKAG_block_design_i/mdm_1/U0/MDM_Core_I1/JTAG_CONTROL_I/Test_Access_Port.BUFG_UPDATE/Using_FPGA.Native_0}
add_cells_to_pblock [get_pblocks  {CLKAG_block_design_i/mdm_1/U0/MDM_Core_I1/JTAG_CONTROL_I/Test_Access_Port.BUFG_UPDATE/Using_FPGA.Native_0}] [get_cells -filter { PRIMITIVE_GROUP != I/O && IS_PRIMITIVE==1 && PRIMITIVE_LEVEL !=INTERNAL } -of_object [get_pins -filter {DIRECTION==IN} -of_objects [get_nets -hierarchical -filter {PARENT=="block_design_i/mdm_1/U0/MDM_Core_I1/JTAG_CONTROL_I/Test_Access_Port.BUFG_UPDATE/Using_FPGA.Native_0"}]]]
resize_pblock [get_pblocks {CLKAG_block_design_i/mdm_1/U0/MDM_Core_I1/JTAG_CONTROL_I/Test_Access_Port.BUFG_UPDATE/Using_FPGA.Native_0}] -add {CLOCKREGION_X0Y2:CLOCKREGION_X0Y2 CLOCKREGION_X1Y2:CLOCKREGION_X1Y2}
#endgroup

# Clock net "block_design_i/mdm_1/U0/MDM_Core_I1/JTAG_CONTROL_I/Test_Access_Port.BUFG_DRCK/Using_FPGA.Native_0" driven by instance "block_design_i/mdm_1/U0/MDM_Core_I1/JTAG_CONTROL_I/Test_Access_Port.BUFG_DRCK/Using_FPGA.Native" located at site "BUFGCTRL_X0Y1"
#startgroup
create_pblock {CLKAG_block_design_i/mdm_1/U0/MDM_Core_I1/JTAG_CONTROL_I/Test_Access_Port.BUFG_DRCK/Using_FPGA.Native_0}
add_cells_to_pblock [get_pblocks  {CLKAG_block_design_i/mdm_1/U0/MDM_Core_I1/JTAG_CONTROL_I/Test_Access_Port.BUFG_DRCK/Using_FPGA.Native_0}] [get_cells -filter { PRIMITIVE_GROUP != I/O && IS_PRIMITIVE==1 && PRIMITIVE_LEVEL !=INTERNAL } -of_object [get_pins -filter {DIRECTION==IN} -of_objects [get_nets -hierarchical -filter {PARENT=="block_design_i/mdm_1/U0/MDM_Core_I1/JTAG_CONTROL_I/Test_Access_Port.BUFG_DRCK/Using_FPGA.Native_0"}]]]
resize_pblock [get_pblocks {CLKAG_block_design_i/mdm_1/U0/MDM_Core_I1/JTAG_CONTROL_I/Test_Access_Port.BUFG_DRCK/Using_FPGA.Native_0}] -add {CLOCKREGION_X0Y2:CLOCKREGION_X0Y2 CLOCKREGION_X1Y2:CLOCKREGION_X1Y2}
#endgroup

# Clock net "block_design_i/d_axi_i2s_audio_0/U0/d_axi_i2s_audio_v2_0_AXI_L_inst/Inst_I2sCtl/Inst_Dcm/CLK_12_288" driven by instance "block_design_i/d_axi_i2s_audio_0/U0/d_axi_i2s_audio_v2_0_AXI_L_inst/Inst_I2sCtl/Inst_Dcm/clkout1_buf" located at site "BUFGCTRL_X0Y0"
#startgroup
create_pblock {CLKAG_block_design_i/d_axi_i2s_audio_0/U0/d_axi_i2s_audio_v2_0_AXI_L_inst/Inst_I2sCtl/Inst_Dcm/CLK_12_288}
add_cells_to_pblock [get_pblocks  {CLKAG_block_design_i/d_axi_i2s_audio_0/U0/d_axi_i2s_audio_v2_0_AXI_L_inst/Inst_I2sCtl/Inst_Dcm/CLK_12_288}] [get_cells -filter { PRIMITIVE_GROUP != I/O && IS_PRIMITIVE==1 && PRIMITIVE_LEVEL !=INTERNAL } -of_object [get_pins -filter {DIRECTION==IN} -of_objects [get_nets -hierarchical -filter {PARENT=="block_design_i/d_axi_i2s_audio_0/U0/d_axi_i2s_audio_v2_0_AXI_L_inst/Inst_I2sCtl/Inst_Dcm/CLK_12_288"}]]]
resize_pblock [get_pblocks {CLKAG_block_design_i/d_axi_i2s_audio_0/U0/d_axi_i2s_audio_v2_0_AXI_L_inst/Inst_I2sCtl/Inst_Dcm/CLK_12_288}] -add {CLOCKREGION_X0Y2:CLOCKREGION_X0Y2 CLOCKREGION_X0Y3:CLOCKREGION_X0Y3 CLOCKREGION_X1Y2:CLOCKREGION_X1Y2 CLOCKREGION_X1Y3:CLOCKREGION_X1Y3}
#endgroup
