Copyright 1986-2022 Xilinx, Inc. All Rights Reserved. Copyright 2022-2025 Advanced Micro Devices, Inc. All Rights Reserved.
----------------------------------------------------------------------------------------------------------------------------------------------------------------------------------
| Tool Version     : Vivado v.2025.2 (win64) Build 6299465 Fri Nov 14 19:35:11 GMT 2025
| Date             : Sat May  2 13:43:39 2026
| Host             : SPACESHIP running 64-bit major release  (build 9200)
| Command          : report_power -file block_design_wrapper_power_routed.rpt -pb block_design_wrapper_power_summary_routed.pb -rpx block_design_wrapper_power_routed.rpx
| Design           : block_design_wrapper
| Device           : xc7a200tsbg484-1
| Design State     : routed
| Grade            : commercial
| Process          : typical
| Characterization : Production
----------------------------------------------------------------------------------------------------------------------------------------------------------------------------------

Power Report

Table of Contents
-----------------
1. Summary
1.1 On-Chip Components
1.2 Power Supply Summary
1.3 Confidence Level
2. Settings
2.1 Environment
2.2 Clock Constraints
3. Detailed Reports
3.1 By Hierarchy

1. Summary
----------

+--------------------------+--------------+
| Total On-Chip Power (W)  | 1.207        |
| Design Power Budget (W)  | Unspecified* |
| Power Budget Margin (W)  | NA           |
| Dynamic (W)              | 1.054        |
| Device Static (W)        | 0.153        |
| Effective TJA (C/W)      | 3.3          |
| Max Ambient (C)          | 81.0         |
| Junction Temperature (C) | 29.0         |
| Confidence Level         | Low          |
| Setting File             | ---          |
| Simulation Activity File | ---          |
| Design Nets Matched      | NA           |
+--------------------------+--------------+
* Specify Design Power Budget using, set_operating_conditions -design_power_budget <value in Watts>


1.1 On-Chip Components
----------------------

+--------------------------+-----------+----------+-----------+-----------------+
| On-Chip                  | Power (W) | Used     | Available | Utilization (%) |
+--------------------------+-----------+----------+-----------+-----------------+
| Clocks                   |     0.115 |       27 |       --- |             --- |
| Slice Logic              |     0.063 |    65175 |       --- |             --- |
|   LUT as Logic           |     0.053 |    22139 |    133800 |           16.55 |
|   LUT as Distributed RAM |     0.005 |     2324 |     46200 |            5.03 |
|   Register               |     0.004 |    27748 |    267600 |           10.37 |
|   CARRY4                 |    <0.001 |      483 |     33450 |            1.44 |
|   LUT as Shift Register  |    <0.001 |      511 |     46200 |            1.11 |
|   F7/F8 Muxes            |    <0.001 |      313 |    133800 |            0.23 |
|   Others                 |    <0.001 |     3102 |       --- |             --- |
| Signals                  |     0.070 |    43584 |       --- |             --- |
| Block RAM                |     0.069 |     32.5 |       365 |            8.90 |
| MMCM                     |     0.096 |        1 |        10 |           10.00 |
| PLL                      |     0.201 |        2 |        10 |           20.00 |
| DSPs                     |     0.002 |        4 |       740 |            0.54 |
| I/O                      |     0.300 |       79 |       285 |           27.72 |
| PHASER                   |     0.134 |       14 |       --- |             --- |
| XADC                     |     0.004 |        1 |       --- |             --- |
| Static Power             |     0.153 |          |           |                 |
| Total                    |     1.207 |          |           |                 |
+--------------------------+-----------+----------+-----------+-----------------+


1.2 Power Supply Summary
------------------------

+-----------+-------------+-----------+-------------+------------+-------------+-------------+------------+
| Source    | Voltage (V) | Total (A) | Dynamic (A) | Static (A) | Powerup (A) | Budget (A)  | Margin (A) |
+-----------+-------------+-----------+-------------+------------+-------------+-------------+------------+
| Vccint    |       1.000 |     0.403 |       0.367 |      0.036 |       NA    | Unspecified | NA         |
| Vccaux    |       1.800 |     0.301 |       0.270 |      0.031 |       NA    | Unspecified | NA         |
| Vcco33    |       3.300 |     0.006 |       0.001 |      0.005 |       NA    | Unspecified | NA         |
| Vcco25    |       2.500 |     0.000 |       0.000 |      0.000 |       NA    | Unspecified | NA         |
| Vcco18    |       1.800 |     0.000 |       0.000 |      0.000 |       NA    | Unspecified | NA         |
| Vcco15    |       1.500 |     0.131 |       0.126 |      0.005 |       NA    | Unspecified | NA         |
| Vcco135   |       1.350 |     0.000 |       0.000 |      0.000 |       NA    | Unspecified | NA         |
| Vcco12    |       1.200 |     0.000 |       0.000 |      0.000 |       NA    | Unspecified | NA         |
| Vccaux_io |       1.800 |     0.000 |       0.000 |      0.000 |       NA    | Unspecified | NA         |
| Vccbram   |       1.000 |     0.007 |       0.005 |      0.002 |       NA    | Unspecified | NA         |
| MGTAVcc   |       1.000 |     0.000 |       0.000 |      0.000 |       NA    | Unspecified | NA         |
| MGTAVtt   |       1.200 |     0.000 |       0.000 |      0.000 |       NA    | Unspecified | NA         |
| Vccadc    |       1.800 |     0.022 |       0.002 |      0.020 |       NA    | Unspecified | NA         |
+-----------+-------------+-----------+-------------+------------+-------------+-------------+------------+


1.3 Confidence Level
--------------------

+-----------------------------+------------+--------------------------------------------------------+------------------------------------------------------------------------------------------------------------+
| User Input Data             | Confidence | Details                                                | Action                                                                                                     |
+-----------------------------+------------+--------------------------------------------------------+------------------------------------------------------------------------------------------------------------+
| Design implementation state | High       | Design is routed                                       |                                                                                                            |
| Clock nodes activity        | High       | User specified more than 95% of clocks                 |                                                                                                            |
| I/O nodes activity          | Low        | More than 75% of inputs are missing user specification | Provide missing input activity with simulation results or by editing the "By Resource Type -> I/Os" view   |
| Internal nodes activity     | Medium     | User specified less than 25% of internal nodes         | Provide missing internal nodes activity with simulation results or by editing the "By Resource Type" views |
| Device models               | High       | Device models are Production                           |                                                                                                            |
|                             |            |                                                        |                                                                                                            |
| Overall confidence level    | Low        |                                                        |                                                                                                            |
+-----------------------------+------------+--------------------------------------------------------+------------------------------------------------------------------------------------------------------------+


2. Settings
-----------

2.1 Environment
---------------

+-----------------------+--------------------------+
| Ambient Temp (C)      | 25.0                     |
| ThetaJA (C/W)         | 3.3                      |
| Airflow (LFM)         | 250                      |
| Heat Sink             | medium (Medium Profile)  |
| ThetaSA (C/W)         | 4.6                      |
| Board Selection       | medium (10"x10")         |
| # of Board Layers     | 12to15 (12 to 15 Layers) |
| Board Temperature (C) | 25.0                     |
+-----------------------+--------------------------+


2.2 Clock Constraints
---------------------

+-----------------------------------------------------------------------------------------------------------------------------------------------------------+-----------------------------------------------------------------------------------------------------------------------------------------------------------------------------------------------------------------------------------------+-----------------+
| Clock                                                                                                                                                     | Domain                                                                                                                                                                                                                                  | Constraint (ns) |
+-----------------------------------------------------------------------------------------------------------------------------------------------------------+-----------------------------------------------------------------------------------------------------------------------------------------------------------------------------------------------------------------------------------------+-----------------+
| block_design_i/mdm_1/U0/MDM_Core_I1/JTAG_CONTROL_I/Test_Access_Port.BUFG_UPDATE/Using_FPGA.Native/O                                                       | block_design_i/mdm_1/U0/MDM_Core_I1/JTAG_CONTROL_I/Test_Access_Port.BUFG_UPDATE/Using_FPGA.Native_0                                                                                                                                     |            66.7 |
| block_design_i/mdm_1/U0/Use_E2.BSCAN_I/Use_E2.BSCANE2_I/TCK                                                                                               | block_design_i/mdm_1/U0/Use_E2.BSCAN_I/tck                                                                                                                                                                                              |            33.3 |
| block_design_i/mdm_1/U0/Use_E2.BSCAN_I/Use_E2.BSCANE2_I/UPDATE                                                                                            | block_design_i/mdm_1/U0/Use_E2.BSCAN_I/Use_E2.BSCANE2_I_n_9                                                                                                                                                                             |            33.3 |
| clk_pll_i                                                                                                                                                 | block_design_i/mig_7series_0/u_block_design_mig_7series_0_0_mig/u_ddr3_infrastructure/clk_pll_i                                                                                                                                         |            10.0 |
| clkfbout                                                                                                                                                  | block_design_i/d_axi_i2s_audio_0/U0/d_axi_i2s_audio_v2_0_AXI_L_inst/Inst_I2sCtl/Inst_Dcm/clkfbout                                                                                                                                       |            50.0 |
| clkout0                                                                                                                                                   | block_design_i/d_axi_i2s_audio_0/U0/d_axi_i2s_audio_v2_0_AXI_L_inst/Inst_I2sCtl/Inst_Dcm/clkout0                                                                                                                                        |            81.4 |
| freq_refclk                                                                                                                                               | block_design_i/mig_7series_0/u_block_design_mig_7series_0_0_mig/u_ddr3_infrastructure/freq_refclk                                                                                                                                       |             1.2 |
| iserdes_clkdiv                                                                                                                                            | block_design_i/mig_7series_0/u_block_design_mig_7series_0_0_mig/u_memc_ui_top_axi/mem_intfc0/ddr_phy_top0/u_ddr_mc_phy_wrapper/u_ddr_mc_phy/ddr_phy_4lanes_0.u_ddr_phy_4lanes/ddr_byte_lane_C.ddr_byte_lane_C/iserdes_clkdiv            |            10.0 |
| iserdes_clkdiv_1                                                                                                                                          | block_design_i/mig_7series_0/u_block_design_mig_7series_0_0_mig/u_memc_ui_top_axi/mem_intfc0/ddr_phy_top0/u_ddr_mc_phy_wrapper/u_ddr_mc_phy/ddr_phy_4lanes_0.u_ddr_phy_4lanes/ddr_byte_lane_D.ddr_byte_lane_D/iserdes_clkdiv            |            10.0 |
| mem_refclk                                                                                                                                                | block_design_i/mig_7series_0/u_block_design_mig_7series_0_0_mig/u_ddr3_infrastructure/mem_refclk                                                                                                                                        |             2.5 |
| mmcm_clkout0                                                                                                                                              | block_design_i/mig_7series_0/u_block_design_mig_7series_0_0_mig/u_ddr3_infrastructure/mmcm_clkout0                                                                                                                                      |             5.0 |
| oserdes_clk                                                                                                                                               | block_design_i/mig_7series_0/u_block_design_mig_7series_0_0_mig/u_memc_ui_top_axi/mem_intfc0/ddr_phy_top0/u_ddr_mc_phy_wrapper/u_ddr_mc_phy/ddr_phy_4lanes_0.u_ddr_phy_4lanes/ddr_byte_lane_A.ddr_byte_lane_A/oserdes_clk               |             2.5 |
| oserdes_clk_1                                                                                                                                             | block_design_i/mig_7series_0/u_block_design_mig_7series_0_0_mig/u_memc_ui_top_axi/mem_intfc0/ddr_phy_top0/u_ddr_mc_phy_wrapper/u_ddr_mc_phy/ddr_phy_4lanes_0.u_ddr_phy_4lanes/ddr_byte_lane_B.ddr_byte_lane_B/oserdes_clk               |             2.5 |
| oserdes_clk_2                                                                                                                                             | block_design_i/mig_7series_0/u_block_design_mig_7series_0_0_mig/u_memc_ui_top_axi/mem_intfc0/ddr_phy_top0/u_ddr_mc_phy_wrapper/u_ddr_mc_phy/ddr_phy_4lanes_0.u_ddr_phy_4lanes/ddr_byte_lane_C.ddr_byte_lane_C/oserdes_clk               |             2.5 |
| oserdes_clk_3                                                                                                                                             | block_design_i/mig_7series_0/u_block_design_mig_7series_0_0_mig/u_memc_ui_top_axi/mem_intfc0/ddr_phy_top0/u_ddr_mc_phy_wrapper/u_ddr_mc_phy/ddr_phy_4lanes_0.u_ddr_phy_4lanes/ddr_byte_lane_D.ddr_byte_lane_D/oserdes_clk               |             2.5 |
| oserdes_clkdiv                                                                                                                                            | block_design_i/mig_7series_0/u_block_design_mig_7series_0_0_mig/u_memc_ui_top_axi/mem_intfc0/ddr_phy_top0/u_ddr_mc_phy_wrapper/u_ddr_mc_phy/ddr_phy_4lanes_0.u_ddr_phy_4lanes/ddr_byte_lane_A.ddr_byte_lane_A/oserdes_clkdiv            |            10.0 |
| oserdes_clkdiv_1                                                                                                                                          | block_design_i/mig_7series_0/u_block_design_mig_7series_0_0_mig/u_memc_ui_top_axi/mem_intfc0/ddr_phy_top0/u_ddr_mc_phy_wrapper/u_ddr_mc_phy/ddr_phy_4lanes_0.u_ddr_phy_4lanes/ddr_byte_lane_B.ddr_byte_lane_B/oserdes_clkdiv            |            10.0 |
| oserdes_clkdiv_2                                                                                                                                          | block_design_i/mig_7series_0/u_block_design_mig_7series_0_0_mig/u_memc_ui_top_axi/mem_intfc0/ddr_phy_top0/u_ddr_mc_phy_wrapper/u_ddr_mc_phy/ddr_phy_4lanes_0.u_ddr_phy_4lanes/ddr_byte_lane_C.ddr_byte_lane_C/oserdes_clkdiv            |             5.0 |
| oserdes_clkdiv_3                                                                                                                                          | block_design_i/mig_7series_0/u_block_design_mig_7series_0_0_mig/u_memc_ui_top_axi/mem_intfc0/ddr_phy_top0/u_ddr_mc_phy_wrapper/u_ddr_mc_phy/ddr_phy_4lanes_0.u_ddr_phy_4lanes/ddr_byte_lane_D.ddr_byte_lane_D/oserdes_clkdiv            |             5.0 |
| pll_clk3_out                                                                                                                                              | block_design_i/mig_7series_0/u_block_design_mig_7series_0_0_mig/u_ddr3_infrastructure/pll_clk3_out                                                                                                                                      |            10.0 |
| pll_clkfbout                                                                                                                                              | block_design_i/mig_7series_0/u_block_design_mig_7series_0_0_mig/u_ddr3_infrastructure/pll_clkfbout                                                                                                                                      |            10.0 |
| sync_pulse                                                                                                                                                | block_design_i/mig_7series_0/u_block_design_mig_7series_0_0_mig/u_ddr3_infrastructure/sync_pulse                                                                                                                                        |            40.0 |
| sys_clk_i                                                                                                                                                 | sys_clk_i                                                                                                                                                                                                                               |            10.0 |
| u_memc_ui_top_axi/mem_intfc0/ddr_phy_top0/u_ddr_mc_phy_wrapper/u_ddr_mc_phy/ddr_phy_4lanes_0.u_ddr_phy_4lanes/ddr_byte_lane_C.ddr_byte_lane_C/iserdes_clk | block_design_i/mig_7series_0/u_block_design_mig_7series_0_0_mig/u_memc_ui_top_axi/mem_intfc0/ddr_phy_top0/u_ddr_mc_phy_wrapper/u_ddr_mc_phy/ddr_phy_4lanes_0.u_ddr_phy_4lanes/ddr_byte_lane_C.ddr_byte_lane_C/phaser_in_gen.phaser_in_0 |             2.5 |
| u_memc_ui_top_axi/mem_intfc0/ddr_phy_top0/u_ddr_mc_phy_wrapper/u_ddr_mc_phy/ddr_phy_4lanes_0.u_ddr_phy_4lanes/ddr_byte_lane_D.ddr_byte_lane_D/iserdes_clk | block_design_i/mig_7series_0/u_block_design_mig_7series_0_0_mig/u_memc_ui_top_axi/mem_intfc0/ddr_phy_top0/u_ddr_mc_phy_wrapper/u_ddr_mc_phy/ddr_phy_4lanes_0.u_ddr_phy_4lanes/ddr_byte_lane_D.ddr_byte_lane_D/phaser_in_gen.phaser_in_0 |             2.5 |
+-----------------------------------------------------------------------------------------------------------------------------------------------------------+-----------------------------------------------------------------------------------------------------------------------------------------------------------------------------------------------------------------------------------------+-----------------+


3. Detailed Reports
-------------------

3.1 By Hierarchy
----------------

+------------------------------------------+-----------+
| Name                                     | Power (W) |
+------------------------------------------+-----------+
| block_design_wrapper                     |     1.054 |
|   block_design_i                         |     1.049 |
|     PmodOLED_0                           |     0.006 |
|       inst                               |     0.006 |
|     axi_dma_0                            |     0.017 |
|       U0                                 |     0.017 |
|     axi_iic_0                            |     0.002 |
|       U0                                 |     0.002 |
|     d_axi_i2s_audio_0                    |     0.121 |
|       U0                                 |     0.121 |
|     mdm_1                                |     0.001 |
|       U0                                 |     0.001 |
|     microblaze_riscv_0                   |     0.086 |
|       U0                                 |     0.086 |
|     microblaze_riscv_0_axi_intc          |     0.002 |
|       U0                                 |     0.002 |
|     microblaze_riscv_0_axi_periph        |     0.138 |
|       inst                               |     0.138 |
|     mig_7series_0                        |     0.676 |
|       u_block_design_mig_7series_0_0_mig |     0.674 |
+------------------------------------------+-----------+


